\BOOKMARK [-1][]{title.-1}{\376\377\127\372\116\216\157\024\123\026\173\227\154\325\166\204\136\217\126\336\137\122\142\200\147\057\170\024\172\166}{}% 1
\BOOKMARK [0][]{chapter*.1}{\376\377\144\130\211\201}{title.-1}% 2
\BOOKMARK [0][]{chapter*.2}{\376\377\000A\000B\000S\000T\000R\000A\000C\000T}{title.-1}% 3
\BOOKMARK [0][]{chapter*.3}{\376\377\166\356\137\125}{title.-1}% 4
\BOOKMARK [0][]{chapter*.3}{\376\377\210\150\150\074\175\042\137\025}{title.-1}% 5
\BOOKMARK [0][]{chapter*.4}{\376\377\143\322\126\376\175\042\137\025}{title.-1}% 6
\BOOKMARK [0][]{chapter*.5}{\376\377\173\227\154\325\175\042\137\025}{title.-1}% 7
\BOOKMARK [0][]{chapter.1}{\376\377\173\054\116\000\172\340\000\040\000\040\176\352\213\272}{title.-1}% 8
\BOOKMARK [1][]{section.1.1}{\376\377\0001\000.\0001\000\040\170\024\172\166\121\205\133\271\200\314\146\157\123\312\141\017\116\111}{chapter.1}% 9
\BOOKMARK [1][]{section.1.2}{\376\377\0001\000.\0002\000\040\145\207\163\056\176\374\217\360\123\312\170\024\172\166\142\020\147\234}{chapter.1}% 10
\BOOKMARK [1][]{section.1.3}{\376\377\0001\000.\0003\000\040\147\054\145\207\151\202\217\360\123\312\116\073\211\201\215\041\163\056}{chapter.1}% 11
\BOOKMARK [2][]{subsection.1.3.1}{\376\377\0001\000.\0003\000.\0001\000\040\147\054\145\207\170\024\172\166\121\205\133\271}{section.1.3}% 12
\BOOKMARK [2][]{subsection.1.3.2}{\376\377\0001\000.\0003\000.\0002\000\040\147\054\145\207\116\073\211\201\215\041\163\056}{section.1.3}% 13
\BOOKMARK [2][]{subsection.1.3.3}{\376\377\0001\000.\0003\000.\0003\000\040\147\054\145\207\176\323\147\204}{section.1.3}% 14
\BOOKMARK [0][]{chapter.2}{\376\377\173\054\116\214\172\340\000\040\000\040\136\217\126\336\137\122\142\200\147\057\123\321\134\125\126\336\230\176}{title.-1}% 15
\BOOKMARK [1][]{section.2.1}{\376\377\0002\000.\0001\000\040\136\217\126\336\137\122\225\356\230\230\133\232\116\111\124\214\213\304\117\060\143\007\150\007}{chapter.2}% 16
\BOOKMARK [1][]{section.2.2}{\376\377\0002\000.\0002\000\040\127\372\116\216\147\011\166\321\167\143\133\146\116\140\145\271\137\017\166\204\136\217\126\336\137\122\142\200\147\057}{chapter.2}% 17
\BOOKMARK [2][]{subsection.2.2.1}{\376\377\0002\000.\0002\000.\0001\000\040\166\364\143\245\165\050\117\040\176\337\122\006\174\173\142\026\126\336\137\122\145\271\154\325\131\004\164\006\166\204\136\217\126\336\137\122\142\200\147\057}{section.2.2}% 18
\BOOKMARK [2][]{subsection.2.2.2}{\376\377\0002\000.\0002\000.\0002\000\040\121\110\122\006\211\343\142\020\116\214\122\006\174\173\225\356\230\230\121\215\217\333\210\114\131\004\164\006\166\204\136\217\126\336\137\122\142\200\147\057}{section.2.2}% 19
\BOOKMARK [2][]{subsection.2.2.3}{\376\377\0002\000.\0002\000.\0003\000\040\142\323\134\125\117\040\176\337\122\006\174\173\152\041\127\213\137\025\121\145\136\217\117\341\140\157\166\204\136\217\126\336\137\122\142\200\147\057}{section.2.2}% 20
\BOOKMARK [1][]{section.2.3}{\376\377\0002\000.\0003\000\040\127\372\116\216\123\112\166\321\167\143\133\146\116\140\145\271\137\017\166\204\136\217\126\336\137\122\142\200\147\057}{chapter.2}% 21
\BOOKMARK [1][]{section.2.4}{\376\377\0002\000.\0004\000\040\127\372\116\216\157\024\123\026\173\227\154\325\166\204\136\217\126\336\137\122\142\200\147\057}{chapter.2}% 22
\BOOKMARK [2][]{subsection.2.4.1}{\376\377\0002\000.\0004\000.\0001\000\040\157\024\123\026\173\227\154\325\123\312\157\024\123\026\147\072\126\150\133\146\116\140}{section.2.4}% 23
\BOOKMARK [2][]{subsection.2.4.2}{\376\377\0002\000.\0004\000.\0002\000\040\157\024\123\026\173\227\154\325\127\050\136\217\126\336\137\122\225\356\230\230\116\055\166\204\136\224\165\050}{section.2.4}% 24
\BOOKMARK [1][]{section.2.5}{\376\377\0002\000.\0005\000\040\123\321\134\125\215\213\122\277\123\312\116\015\215\263}{chapter.2}% 25
\BOOKMARK [1][]{section.2.6}{\376\377\0002\000.\0006\000\040\134\017\176\323}{chapter.2}% 26
\BOOKMARK [0][]{chapter.3}{\376\377\173\054\116\011\172\340\000\040\000\040\127\372\116\216\122\240\147\103\150\070\122\044\122\053\122\006\147\220\166\204\123\112\166\321\167\143\136\217\126\336\137\122\142\200\147\057}{title.-1}% 27
\BOOKMARK [1][]{section.3.1}{\376\377\0003\000.\0001\000\040\123\112\166\321\167\143\136\217\126\336\137\122\225\356\230\230\133\232\116\111}{chapter.3}% 28
\BOOKMARK [1][]{section.3.2}{\376\377\0003\000.\0002\000\040\123\112\166\321\167\143\133\146\116\140}{chapter.3}% 29
\BOOKMARK [1][]{section.3.3}{\376\377\0003\000.\0003\000\040\000K\000D\000L\000O\000R\173\227\154\325\126\336\230\176}{chapter.3}% 30
\BOOKMARK [1][]{section.3.4}{\376\377\0003\000.\0004\000\040\127\372\116\216\122\240\147\103\150\070\122\044\122\053\122\006\147\220\166\204\123\112\166\321\167\143\136\217\126\336\137\122\173\227\154\325}{chapter.3}% 31
\BOOKMARK [2][]{subsection.3.4.1}{\376\377\0003\000.\0004\000.\0001\000\040\117\060\213\241\145\340\150\007\173\176\145\160\143\156\133\371\153\317\116\052\174\173\122\053\166\204\226\266\134\136\136\246}{section.3.4}% 32
\BOOKMARK [2][]{subsection.3.4.2}{\376\377\0003\000.\0004\000.\0002\000\040\127\372\116\216\122\240\147\103\150\070\122\044\122\053\122\006\147\220\166\204\123\112\166\321\167\143\136\217\126\336\137\122\173\227\154\325}{section.3.4}% 33
\BOOKMARK [1][]{section.3.5}{\376\377\0003\000.\0005\000\040\133\236\232\214\232\214\213\301}{chapter.3}% 34
\BOOKMARK [2][]{subsection.3.5.1}{\376\377\0003\000.\0005\000.\0001\000\040\133\236\232\214\213\276\177\156}{section.3.5}% 35
\BOOKMARK [2][]{subsection.3.5.2}{\376\377\0003\000.\0005\000.\0002\000\040\124\010\142\020\145\160\143\156\226\306}{section.3.5}% 36
\BOOKMARK [2][]{subsection.3.5.3}{\376\377\0003\000.\0005\000.\0003\000\040\167\037\133\236\145\160\143\156\226\306}{section.3.5}% 37
\BOOKMARK [1][]{section.3.6}{\376\377\0003\000.\0006\000\040\134\017\176\323}{chapter.3}% 38
\BOOKMARK [0][]{chapter.4}{\376\377\173\054\126\333\172\340\000\040\000\040\127\372\116\216\157\024\123\026\173\227\154\325\166\204\123\112\166\321\167\143\136\217\126\336\137\122\142\200\147\057}{title.-1}% 39
\BOOKMARK [1][]{section.4.1}{\376\377\0004\000.\0001\000\040\127\372\116\216\157\024\123\026\173\227\154\325\166\204\123\112\166\321\167\143\150\070\122\044\122\053\122\006\147\220\136\217\126\336\137\122\173\227\154\325}{chapter.4}% 40
\BOOKMARK [2][]{subsection.4.1.1}{\376\377\0004\000.\0001\000.\0001\000\040\116\052\117\123\210\150\171\072}{section.4.1}% 41
\BOOKMARK [2][]{subsection.4.1.2}{\376\377\0004\000.\0001\000.\0002\000\040\220\002\136\224\136\246\121\375\145\160}{section.4.1}% 42
\BOOKMARK [2][]{subsection.4.1.3}{\376\377\0004\000.\0001\000.\0003\000\040\135\356\122\006\217\333\123\026}{section.4.1}% 43
\BOOKMARK [1][]{section.4.2}{\376\377\0004\000.\0002\000\040\133\236\232\214\232\214\213\301}{chapter.4}% 44
\BOOKMARK [2][]{subsection.4.2.1}{\376\377\0004\000.\0002\000.\0001\000\040\133\236\232\214\213\276\177\156}{section.4.2}% 45
\BOOKMARK [2][]{subsection.4.2.2}{\376\377\0004\000.\0002\000.\0002\000\040\131\004\164\006\131\047\145\160\143\156}{section.4.2}% 46
\BOOKMARK [2][]{subsection.4.2.3}{\376\377\0004\000.\0002\000.\0003\000\040\133\236\232\214\176\323\147\234}{section.4.2}% 47
\BOOKMARK [1][]{section.4.3}{\376\377\0004\000.\0003\000\040\134\017\176\323}{chapter.4}% 48
\BOOKMARK [0][]{chapter.5}{\376\377\173\054\116\224\172\340\000\040\000\040\140\073\176\323}{title.-1}% 49
\BOOKMARK [0][]{chapter*.25}{\376\377\123\302\200\003\145\207\163\056}{title.-1}% 50
\BOOKMARK [0][]{chapter*.26}{\376\377\201\364\214\042}{title.-1}% 51
\BOOKMARK [0][]{chapter*.27}{\376\377\127\050\213\373\147\037\225\364\123\321\210\150\166\204\133\146\147\057\213\272\145\207\116\016\123\326\137\227\166\204\170\024\172\166\142\020\147\234}{title.-1}% 52
